2017-10-20 15:48:43,068 [main] INFO  cn.jaychang.disconf.DisconfDemoApplication - Starting DisconfDemoApplication on AFAAW-704030818 with PID 10164 (D:\IdeaWorkSpace\disconf-demo\target\classes started by Administrator in D:\IdeaWorkSpace\disconf-demo)
2017-10-20 15:48:43,068 [main] INFO  cn.jaychang.disconf.DisconfDemoApplication - Starting DisconfDemoApplication on AFAAW-704030818 with PID 10164 (D:\IdeaWorkSpace\disconf-demo\target\classes started by Administrator in D:\IdeaWorkSpace\disconf-demo)
2017-10-20 15:48:43,071 [main] INFO  cn.jaychang.disconf.DisconfDemoApplication - No active profile set, falling back to default profiles: default
2017-10-20 15:48:43,071 [main] INFO  cn.jaychang.disconf.DisconfDemoApplication - No active profile set, falling back to default profiles: default
2017-10-20 15:48:43,356 [background-preinit] INFO  org.hibernate.validator.internal.util.Version - HV000001: Hibernate Validator 5.3.5.Final
2017-10-20 15:48:43,694 [main] WARN  o.s.boot.context.embedded.AnnotationConfigEmbeddedWebApplicationContext - Exception encountered during context initialization - cancelling refresh attempt: org.springframework.beans.factory.xml.XmlBeanDefinitionStoreException: Line 3 in XML document from class path resource [spring-disconf.xml] is invalid; nested exception is org.xml.sax.SAXParseException; lineNumber: 3; columnNumber: 58; 已经为元素 "beans" 指定属性 "xmlns"。
2017-10-20 15:48:43,696 [main] ERROR org.springframework.beans.factory.support.DefaultListableBeanFactory - Destroy method on bean with name 'org.springframework.boot.autoconfigure.internalCachingMetadataReaderFactory' threw an exception
java.lang.IllegalStateException: ApplicationEventMulticaster not initialized - call 'refresh' before multicasting events via the context: org.springframework.boot.context.embedded.AnnotationConfigEmbeddedWebApplicationContext@6ae5aa72: startup date [Fri Oct 20 15:48:43 CST 2017]; root of context hierarchy
	at org.springframework.context.support.AbstractApplicationContext.getApplicationEventMulticaster(AbstractApplicationContext.java:414)
	at org.springframework.context.support.ApplicationListenerDetector.postProcessBeforeDestruction(ApplicationListenerDetector.java:97)
	at org.springframework.beans.factory.support.DisposableBeanAdapter.destroy(DisposableBeanAdapter.java:253)
	at org.springframework.beans.factory.support.DefaultSingletonBeanRegistry.destroyBean(DefaultSingletonBeanRegistry.java:578)
	at org.springframework.beans.factory.support.DefaultSingletonBeanRegistry.destroySingleton(DefaultSingletonBeanRegistry.java:554)
	at org.springframework.beans.factory.support.DefaultListableBeanFactory.destroySingleton(DefaultListableBeanFactory.java:961)
	at org.springframework.beans.factory.support.DefaultSingletonBeanRegistry.destroySingletons(DefaultSingletonBeanRegistry.java:523)
	at org.springframework.beans.factory.support.FactoryBeanRegistrySupport.destroySingletons(FactoryBeanRegistrySupport.java:230)
	at org.springframework.beans.factory.support.DefaultListableBeanFactory.destroySingletons(DefaultListableBeanFactory.java:968)
	at org.springframework.context.support.AbstractApplicationContext.destroyBeans(AbstractApplicationContext.java:1030)
	at org.springframework.context.support.AbstractApplicationContext.refresh(AbstractApplicationContext.java:556)
	at org.springframework.boot.context.embedded.EmbeddedWebApplicationContext.refresh(EmbeddedWebApplicationContext.java:122)
	at org.springframework.boot.SpringApplication.refresh(SpringApplication.java:693)
	at org.springframework.boot.SpringApplication.refreshContext(SpringApplication.java:360)
	at org.springframework.boot.SpringApplication.run(SpringApplication.java:303)
	at org.springframework.boot.SpringApplication.run(SpringApplication.java:1118)
	at org.springframework.boot.SpringApplication.run(SpringApplication.java:1107)
	at cn.jaychang.disconf.DisconfDemoApplication.main(DisconfDemoApplication.java:12)
	at sun.reflect.NativeMethodAccessorImpl.invoke0(Native Method)
	at sun.reflect.NativeMethodAccessorImpl.invoke(NativeMethodAccessorImpl.java:62)
	at sun.reflect.DelegatingMethodAccessorImpl.invoke(DelegatingMethodAccessorImpl.java:43)
	at java.lang.reflect.Method.invoke(Method.java:498)
	at com.intellij.rt.execution.application.AppMain.main(AppMain.java:147)
2017-10-20 15:48:43,705 [main] ERROR org.springframework.boot.SpringApplication - Application startup failed
org.springframework.beans.factory.xml.XmlBeanDefinitionStoreException: Line 3 in XML document from class path resource [spring-disconf.xml] is invalid; nested exception is org.xml.sax.SAXParseException; lineNumber: 3; columnNumber: 58; 已经为元素 "beans" 指定属性 "xmlns"。
	at org.springframework.beans.factory.xml.XmlBeanDefinitionReader.doLoadBeanDefinitions(XmlBeanDefinitionReader.java:399)
	at org.springframework.beans.factory.xml.XmlBeanDefinitionReader.loadBeanDefinitions(XmlBeanDefinitionReader.java:336)
	at org.springframework.beans.factory.xml.XmlBeanDefinitionReader.loadBeanDefinitions(XmlBeanDefinitionReader.java:304)
	at org.springframework.beans.factory.support.AbstractBeanDefinitionReader.loadBeanDefinitions(AbstractBeanDefinitionReader.java:181)
	at org.springframework.beans.factory.support.AbstractBeanDefinitionReader.loadBeanDefinitions(AbstractBeanDefinitionReader.java:217)
	at org.springframework.beans.factory.support.AbstractBeanDefinitionReader.loadBeanDefinitions(AbstractBeanDefinitionReader.java:188)
	at org.springframework.context.annotation.ConfigurationClassBeanDefinitionReader.loadBeanDefinitionsFromImportedResources(ConfigurationClassBeanDefinitionReader.java:353)
	at org.springframework.context.annotation.ConfigurationClassBeanDefinitionReader.loadBeanDefinitionsForConfigurationClass(ConfigurationClassBeanDefinitionReader.java:142)
	at org.springframework.context.annotation.ConfigurationClassBeanDefinitionReader.loadBeanDefinitions(ConfigurationClassBeanDefinitionReader.java:116)
	at org.springframework.context.annotation.ConfigurationClassPostProcessor.processConfigBeanDefinitions(ConfigurationClassPostProcessor.java:320)
	at org.springframework.context.annotation.ConfigurationClassPostProcessor.postProcessBeanDefinitionRegistry(ConfigurationClassPostProcessor.java:228)
	at org.springframework.context.support.PostProcessorRegistrationDelegate.invokeBeanDefinitionRegistryPostProcessors(PostProcessorRegistrationDelegate.java:272)
	at org.springframework.context.support.PostProcessorRegistrationDelegate.invokeBeanFactoryPostProcessors(PostProcessorRegistrationDelegate.java:92)
	at org.springframework.context.support.AbstractApplicationContext.invokeBeanFactoryPostProcessors(AbstractApplicationContext.java:687)
	at org.springframework.context.support.AbstractApplicationContext.refresh(AbstractApplicationContext.java:525)
	at org.springframework.boot.context.embedded.EmbeddedWebApplicationContext.refresh(EmbeddedWebApplicationContext.java:122)
	at org.springframework.boot.SpringApplication.refresh(SpringApplication.java:693)
	at org.springframework.boot.SpringApplication.refreshContext(SpringApplication.java:360)
	at org.springframework.boot.SpringApplication.run(SpringApplication.java:303)
	at org.springframework.boot.SpringApplication.run(SpringApplication.java:1118)
	at org.springframework.boot.SpringApplication.run(SpringApplication.java:1107)
	at cn.jaychang.disconf.DisconfDemoApplication.main(DisconfDemoApplication.java:12)
	at sun.reflect.NativeMethodAccessorImpl.invoke0(Native Method)
	at sun.reflect.NativeMethodAccessorImpl.invoke(NativeMethodAccessorImpl.java:62)
	at sun.reflect.DelegatingMethodAccessorImpl.invoke(DelegatingMethodAccessorImpl.java:43)
	at java.lang.reflect.Method.invoke(Method.java:498)
	at com.intellij.rt.execution.application.AppMain.main(AppMain.java:147)
Caused by: org.xml.sax.SAXParseException: 已经为元素 "beans" 指定属性 "xmlns"。
	at com.sun.org.apache.xerces.internal.util.ErrorHandlerWrapper.createSAXParseException(ErrorHandlerWrapper.java:203)
	at com.sun.org.apache.xerces.internal.util.ErrorHandlerWrapper.fatalError(ErrorHandlerWrapper.java:177)
	at com.sun.org.apache.xerces.internal.impl.XMLErrorReporter.reportError(XMLErrorReporter.java:400)
	at com.sun.org.apache.xerces.internal.impl.XMLErrorReporter.reportError(XMLErrorReporter.java:327)
	at com.sun.org.apache.xerces.internal.impl.XMLScanner.reportFatalError(XMLScanner.java:1472)
	at com.sun.org.apache.xerces.internal.impl.XMLNSDocumentScannerImpl.scanAttribute(XMLNSDocumentScannerImpl.java:521)
	at com.sun.org.apache.xerces.internal.impl.XMLNSDocumentScannerImpl.scanStartElement(XMLNSDocumentScannerImpl.java:250)
	at com.sun.org.apache.xerces.internal.impl.XMLNSDocumentScannerImpl$NSContentDriver.scanRootElementHook(XMLNSDocumentScannerImpl.java:613)
	at com.sun.org.apache.xerces.internal.impl.XMLDocumentFragmentScannerImpl$FragmentContentDriver.next(XMLDocumentFragmentScannerImpl.java:3132)
	at com.sun.org.apache.xerces.internal.impl.XMLDocumentScannerImpl$PrologDriver.next(XMLDocumentScannerImpl.java:852)
	at com.sun.org.apache.xerces.internal.impl.XMLDocumentScannerImpl.next(XMLDocumentScannerImpl.java:602)
	at com.sun.org.apache.xerces.internal.impl.XMLNSDocumentScannerImpl.next(XMLNSDocumentScannerImpl.java:112)
	at com.sun.org.apache.xerces.internal.impl.XMLDocumentFragmentScannerImpl.scanDocument(XMLDocumentFragmentScannerImpl.java:505)
	at com.sun.org.apache.xerces.internal.parsers.XML11Configuration.parse(XML11Configuration.java:841)
	at com.sun.org.apache.xerces.internal.parsers.XML11Configuration.parse(XML11Configuration.java:770)
	at com.sun.org.apache.xerces.internal.parsers.XMLParser.parse(XMLParser.java:141)
	at com.sun.org.apache.xerces.internal.parsers.DOMParser.parse(DOMParser.java:243)
	at com.sun.org.apache.xerces.internal.jaxp.DocumentBuilderImpl.parse(DocumentBuilderImpl.java:339)
	at org.springframework.beans.factory.xml.DefaultDocumentLoader.loadDocument(DefaultDocumentLoader.java:76)
	at org.springframework.beans.factory.xml.XmlBeanDefinitionReader.doLoadDocument(XmlBeanDefinitionReader.java:429)
	at org.springframework.beans.factory.xml.XmlBeanDefinitionReader.doLoadBeanDefinitions(XmlBeanDefinitionReader.java:391)
	... 26 common frames omitted
2017-10-20 15:49:27,386 [main] INFO  cn.jaychang.disconf.DisconfDemoApplication - Starting DisconfDemoApplication on AFAAW-704030818 with PID 11268 (D:\IdeaWorkSpace\disconf-demo\target\classes started by Administrator in D:\IdeaWorkSpace\disconf-demo)
2017-10-20 15:49:27,386 [main] INFO  cn.jaychang.disconf.DisconfDemoApplication - Starting DisconfDemoApplication on AFAAW-704030818 with PID 11268 (D:\IdeaWorkSpace\disconf-demo\target\classes started by Administrator in D:\IdeaWorkSpace\disconf-demo)
2017-10-20 15:49:27,390 [main] INFO  cn.jaychang.disconf.DisconfDemoApplication - No active profile set, falling back to default profiles: default
2017-10-20 15:49:27,390 [main] INFO  cn.jaychang.disconf.DisconfDemoApplication - No active profile set, falling back to default profiles: default
2017-10-20 15:49:27,696 [background-preinit] INFO  org.hibernate.validator.internal.util.Version - HV000001: Hibernate Validator 5.3.5.Final
2017-10-20 15:49:28,186 [main] INFO  com.baidu.disconf.client.config.ConfigMgr - --------------- LOAD CONFIG START ---------------
2017-10-20 15:49:28,279 [main] INFO  com.baidu.disconf.client.config.ConfigMgr - Finer print: AFAAW-704030818_0_983f2be4-e79a-47fc-8e9e-3775e6294e45
2017-10-20 15:49:28,281 [main] INFO  com.baidu.disconf.core.common.utils.ClassLoaderUtil - classpath: D:\IdeaWorkSpace\disconf-demo\target\classes
2017-10-20 15:49:28,284 [main] DEBUG com.baidu.disconf.client.config.inner.DisInnerConfigHelper - SERVER disconf.conf_server_store_action: /api/config
2017-10-20 15:49:28,284 [main] DEBUG com.baidu.disconf.client.config.inner.DisInnerConfigHelper - SERVER disconf.conf_server_zoo_action: /api/zoo
2017-10-20 15:49:28,284 [main] DEBUG com.baidu.disconf.client.config.inner.DisInnerConfigHelper - SERVER disconf.conf_server_master_num_action: /api/getmasterinfo
2017-10-20 15:49:28,285 [main] DEBUG com.baidu.disconf.client.config.inner.DisInnerConfigHelper - SERVER disconf.local_download_dir: ./disconf/download
2017-10-20 15:49:28,287 [main] INFO  com.baidu.disconf.client.config.inner.DisInnerConfigHelper - SERVER disconf.conf_server_host: [disconf.com]
2017-10-20 15:49:28,287 [main] INFO  com.baidu.disconf.client.config.inner.DisInnerConfigHelper - SERVER disconf.version: 1_0_0_0
2017-10-20 15:49:28,287 [main] INFO  com.baidu.disconf.client.config.inner.DisInnerConfigHelper - SERVER disconf.app: disconf_demo
2017-10-20 15:49:28,287 [main] INFO  com.baidu.disconf.client.config.inner.DisInnerConfigHelper - SERVER disconf.env: rd
2017-10-20 15:49:28,287 [main] INFO  com.baidu.disconf.client.config.inner.DisInnerConfigHelper - SERVER disconf.enable.remote.conf: true
2017-10-20 15:49:28,288 [main] INFO  com.baidu.disconf.client.config.inner.DisInnerConfigHelper - SERVER disconf.debug: true
2017-10-20 15:49:28,288 [main] INFO  com.baidu.disconf.client.config.inner.DisInnerConfigHelper - SERVER disconf.user_define_download_dir: ./disconf/download
2017-10-20 15:49:28,288 [main] INFO  com.baidu.disconf.client.config.inner.DisInnerConfigHelper - SERVER disconf.ignore: []
2017-10-20 15:49:28,288 [main] DEBUG com.baidu.disconf.client.config.inner.DisInnerConfigHelper - SERVER disconf.conf_server_url_retry_times: 1
2017-10-20 15:49:28,288 [main] DEBUG com.baidu.disconf.client.config.inner.DisInnerConfigHelper - SERVER disconf.conf_server_url_retry_sleep_seconds: 3
2017-10-20 15:49:28,288 [main] DEBUG com.baidu.disconf.client.config.inner.DisInnerConfigHelper - SERVER disconf.enable_local_download_dir_in_class_path: true
2017-10-20 15:49:28,288 [main] DEBUG com.baidu.disconf.client.config.inner.DisInnerConfigHelper - classpath: D:\IdeaWorkSpace\disconf-demo\target\classes
2017-10-20 15:49:28,288 [main] INFO  com.baidu.disconf.client.config.ConfigMgr - --------------- LOAD CONFIG END ---------------
2017-10-20 15:49:28,288 [main] INFO  com.baidu.disconf.client.DisconfMgr - ******************************* DISCONF START FIRST SCAN *******************************
2017-10-20 15:49:28,292 [main] DEBUG com.baidu.disconf.client.scan.impl.ScanMgrImpl - start to scan package: [cn.jaychang.disconf]
2017-10-20 15:49:28,356 [main] INFO  org.reflections.Reflections - Reflections took 35 ms to scan 1 urls, producing 10 keys and 35 values 
2017-10-20 15:49:28,630 [main] DEBUG com.baidu.disconf.core.common.utils.http.HttpClientUtil - request: content-type	application/json
2017-10-20 15:49:28,679 [main] DEBUG com.baidu.disconf.core.common.utils.http.HttpClientUtil - response header: Date	Fri, 20 Oct 2017 07:49:29 GMT
2017-10-20 15:49:28,679 [main] DEBUG com.baidu.disconf.core.common.utils.http.HttpClientUtil - response header: Content-Type	application/json;charset=UTF-8
2017-10-20 15:49:28,679 [main] DEBUG com.baidu.disconf.core.common.utils.http.HttpClientUtil - response header: Transfer-Encoding	chunked
2017-10-20 15:49:28,679 [main] DEBUG com.baidu.disconf.core.common.utils.http.HttpClientUtil - response header: Connection	keep-alive
2017-10-20 15:49:28,680 [main] INFO  com.baidu.disconf.core.common.utils.http.HttpClientUtil - execute http request [null], status code [200]
2017-10-20 15:49:28,713 [main] DEBUG com.baidu.disconf.client.fetcher.impl.FetcherMgrImpl - remote server return: ValueVo [status=1, message=, value=192.168.59.202:2181]
2017-10-20 15:49:28,713 [main] DEBUG com.baidu.disconf.core.common.utils.http.HttpClientUtil - request: content-type	application/json
2017-10-20 15:49:28,719 [main] DEBUG com.baidu.disconf.core.common.utils.http.HttpClientUtil - response header: Date	Fri, 20 Oct 2017 07:49:29 GMT
2017-10-20 15:49:28,719 [main] DEBUG com.baidu.disconf.core.common.utils.http.HttpClientUtil - response header: Content-Type	application/json;charset=UTF-8
2017-10-20 15:49:28,719 [main] DEBUG com.baidu.disconf.core.common.utils.http.HttpClientUtil - response header: Transfer-Encoding	chunked
2017-10-20 15:49:28,719 [main] DEBUG com.baidu.disconf.core.common.utils.http.HttpClientUtil - response header: Connection	keep-alive
2017-10-20 15:49:28,719 [main] INFO  com.baidu.disconf.core.common.utils.http.HttpClientUtil - execute http request [null], status code [200]
2017-10-20 15:49:28,720 [main] DEBUG com.baidu.disconf.client.fetcher.impl.FetcherMgrImpl - remote server return: ValueVo [status=1, message=, value=/disconf]
2017-10-20 15:49:28,730 [main] INFO  org.apache.zookeeper.ZooKeeper - Client environment:zookeeper.version=3.3.6-1366786, built on 07/29/2012 06:22 GMT
2017-10-20 15:49:28,731 [main] INFO  org.apache.zookeeper.ZooKeeper - Client environment:host.name=AFAAW-704030818
2017-10-20 15:49:28,731 [main] INFO  org.apache.zookeeper.ZooKeeper - Client environment:java.version=1.8.0_121
2017-10-20 15:49:28,731 [main] INFO  org.apache.zookeeper.ZooKeeper - Client environment:java.vendor=Oracle Corporation
2017-10-20 15:49:28,731 [main] INFO  org.apache.zookeeper.ZooKeeper - Client environment:java.home=D:\SoftwareDev\JavaDev\JDK8\jre
2017-10-20 15:49:28,731 [main] INFO  org.apache.zookeeper.ZooKeeper - Client environment:java.class.path=D:\SoftwareDev\JavaDev\JDK8\jre\lib\charsets.jar;D:\SoftwareDev\JavaDev\JDK8\jre\lib\deploy.jar;D:\SoftwareDev\JavaDev\JDK8\jre\lib\ext\access-bridge-64.jar;D:\SoftwareDev\JavaDev\JDK8\jre\lib\ext\cldrdata.jar;D:\SoftwareDev\JavaDev\JDK8\jre\lib\ext\dnsns.jar;D:\SoftwareDev\JavaDev\JDK8\jre\lib\ext\jaccess.jar;D:\SoftwareDev\JavaDev\JDK8\jre\lib\ext\jfxrt.jar;D:\SoftwareDev\JavaDev\JDK8\jre\lib\ext\localedata.jar;D:\SoftwareDev\JavaDev\JDK8\jre\lib\ext\nashorn.jar;D:\SoftwareDev\JavaDev\JDK8\jre\lib\ext\sunec.jar;D:\SoftwareDev\JavaDev\JDK8\jre\lib\ext\sunjce_provider.jar;D:\SoftwareDev\JavaDev\JDK8\jre\lib\ext\sunmscapi.jar;D:\SoftwareDev\JavaDev\JDK8\jre\lib\ext\sunpkcs11.jar;D:\SoftwareDev\JavaDev\JDK8\jre\lib\ext\zipfs.jar;D:\SoftwareDev\JavaDev\JDK8\jre\lib\javaws.jar;D:\SoftwareDev\JavaDev\JDK8\jre\lib\jce.jar;D:\SoftwareDev\JavaDev\JDK8\jre\lib\jfr.jar;D:\SoftwareDev\JavaDev\JDK8\jre\lib\jfxswt.jar;D:\SoftwareDev\JavaDev\JDK8\jre\lib\jsse.jar;D:\SoftwareDev\JavaDev\JDK8\jre\lib\management-agent.jar;D:\SoftwareDev\JavaDev\JDK8\jre\lib\plugin.jar;D:\SoftwareDev\JavaDev\JDK8\jre\lib\resources.jar;D:\SoftwareDev\JavaDev\JDK8\jre\lib\rt.jar;D:\IdeaWorkSpace\disconf-demo\target\classes;D:\AppData\maven\repository\org\springframework\boot\spring-boot-starter-web\1.5.8.RELEASE\spring-boot-starter-web-1.5.8.RELEASE.jar;D:\AppData\maven\repository\org\springframework\boot\spring-boot-starter\1.5.8.RELEASE\spring-boot-starter-1.5.8.RELEASE.jar;D:\AppData\maven\repository\org\springframework\boot\spring-boot\1.5.8.RELEASE\spring-boot-1.5.8.RELEASE.jar;D:\AppData\maven\repository\org\springframework\boot\spring-boot-autoconfigure\1.5.8.RELEASE\spring-boot-autoconfigure-1.5.8.RELEASE.jar;D:\AppData\maven\repository\org\springframework\boot\spring-boot-starter-logging\1.5.8.RELEASE\spring-boot-starter-logging-1.5.8.RELEASE.jar;D:\AppData\maven\repository\ch\qos\logback\logback-classic\1.1.11\logback-classic-1.1.11.jar;D:\AppData\maven\repository\ch\qos\logback\logback-core\1.1.11\logback-core-1.1.11.jar;D:\AppData\maven\repository\org\slf4j\jcl-over-slf4j\1.7.25\jcl-over-slf4j-1.7.25.jar;D:\AppData\maven\repository\org\slf4j\jul-to-slf4j\1.7.25\jul-to-slf4j-1.7.25.jar;D:\AppData\maven\repository\org\slf4j\log4j-over-slf4j\1.7.25\log4j-over-slf4j-1.7.25.jar;D:\AppData\maven\repository\org\yaml\snakeyaml\1.17\snakeyaml-1.17.jar;D:\AppData\maven\repository\org\springframework\boot\spring-boot-starter-tomcat\1.5.8.RELEASE\spring-boot-starter-tomcat-1.5.8.RELEASE.jar;D:\AppData\maven\repository\org\apache\tomcat\embed\tomcat-embed-core\8.5.23\tomcat-embed-core-8.5.23.jar;D:\AppData\maven\repository\org\apache\tomcat\tomcat-annotations-api\8.5.23\tomcat-annotations-api-8.5.23.jar;D:\AppData\maven\repository\org\apache\tomcat\embed\tomcat-embed-el\8.5.23\tomcat-embed-el-8.5.23.jar;D:\AppData\maven\repository\org\apache\tomcat\embed\tomcat-embed-websocket\8.5.23\tomcat-embed-websocket-8.5.23.jar;D:\AppData\maven\repository\org\hibernate\hibernate-validator\5.3.5.Final\hibernate-validator-5.3.5.Final.jar;D:\AppData\maven\repository\javax\validation\validation-api\1.1.0.Final\validation-api-1.1.0.Final.jar;D:\AppData\maven\repository\org\jboss\logging\jboss-logging\3.3.1.Final\jboss-logging-3.3.1.Final.jar;D:\AppData\maven\repository\com\fasterxml\classmate\1.3.4\classmate-1.3.4.jar;D:\AppData\maven\repository\com\fasterxml\jackson\core\jackson-databind\2.8.10\jackson-databind-2.8.10.jar;D:\AppData\maven\repository\com\fasterxml\jackson\core\jackson-annotations\2.8.0\jackson-annotations-2.8.0.jar;D:\AppData\maven\repository\com\fasterxml\jackson\core\jackson-core\2.8.10\jackson-core-2.8.10.jar;D:\AppData\maven\repository\org\springframework\spring-web\4.3.12.RELEASE\spring-web-4.3.12.RELEASE.jar;D:\AppData\maven\repository\org\springframework\spring-aop\4.3.12.RELEASE\spring-aop-4.3.12.RELEASE.jar;D:\AppData\maven\repository\org\springframework\spring-beans\4.3.12.RELEASE\spring-beans-4.3.12.RELEASE.jar;D:\AppData\maven\repository\org\springframework\spring-context\4.3.12.RELEASE\spring-context-4.3.12.RELEASE.jar;D:\AppData\maven\repository\org\springframework\spring-webmvc\4.3.12.RELEASE\spring-webmvc-4.3.12.RELEASE.jar;D:\AppData\maven\repository\org\springframework\spring-expression\4.3.12.RELEASE\spring-expression-4.3.12.RELEASE.jar;D:\AppData\maven\repository\com\baidu\disconf\disconf-client\2.6.36\disconf-client-2.6.36.jar;D:\AppData\maven\repository\com\baidu\disconf\disconf-core\2.6.36\disconf-core-2.6.36.jar;D:\AppData\maven\repository\org\apache\httpcomponents\httpclient\4.5.3\httpclient-4.5.3.jar;D:\AppData\maven\repository\org\apache\httpcomponents\httpcore\4.4.8\httpcore-4.4.8.jar;D:\AppData\maven\repository\commons-codec\commons-codec\1.10\commons-codec-1.10.jar;D:\AppData\maven\repository\org\slf4j\slf4j-api\1.7.25\slf4j-api-1.7.25.jar;D:\AppData\maven\repository\org\apache\zookeeper\zookeeper\3.3.6\zookeeper-3.3.6.jar;D:\AppData\maven\repository\log4j\log4j\1.2.15\log4j-1.2.15.jar;D:\AppData\maven\repository\javax\mail\mail\1.4\mail-1.4.jar;D:\AppData\maven\repository\javax\activation\activation\1.1\activation-1.1.jar;D:\AppData\maven\repository\jline\jline\0.9.94\jline-0.9.94.jar;D:\AppData\maven\repository\commons-io\commons-io\1.4\commons-io-1.4.jar;D:\AppData\maven\repository\com\google\code\gson\gson\2.8.2\gson-2.8.2.jar;D:\AppData\maven\repository\org\apache\commons\commons-lang3\3.4\commons-lang3-3.4.jar;D:\AppData\maven\repository\org\reflections\reflections\0.9.9-RC1\reflections-0.9.9-RC1.jar;D:\AppData\maven\repository\org\javassist\javassist\3.21.0-GA\javassist-3.21.0-GA.jar;D:\AppData\maven\repository\dom4j\dom4j\1.6.1\dom4j-1.6.1.jar;D:\AppData\maven\repository\xml-apis\xml-apis\1.4.01\xml-apis-1.4.01.jar;D:\AppData\maven\repository\com\google\guava\guava\19.0-rc2\guava-19.0-rc2.jar;D:\AppData\maven\repository\org\aspectj\aspectjtools\1.8.11\aspectjtools-1.8.11.jar;D:\AppData\maven\repository\redis\clients\jedis\2.9.0\jedis-2.9.0.jar;D:\AppData\maven\repository\org\apache\commons\commons-pool2\2.4.2\commons-pool2-2.4.2.jar;D:\AppData\maven\repository\junit\junit\4.12\junit-4.12.jar;D:\AppData\maven\repository\org\hamcrest\hamcrest-core\1.3\hamcrest-core-1.3.jar;D:\AppData\maven\repository\org\springframework\spring-core\4.3.12.RELEASE\spring-core-4.3.12.RELEASE.jar;D:\SoftwareDev\JavaDev\IDE\ideaIU-2016.3.4.win\lib\idea_rt.jar
2017-10-20 15:49:28,735 [main] INFO  org.apache.zookeeper.ZooKeeper - Client environment:java.library.path=D:\SoftwareDev\JavaDev\JDK8\bin;C:\windows\Sun\Java\bin;C:\windows\system32;C:\windows;C:\ProgramData\Oracle\Java\javapath;C:\windows\system32;C:\windows;C:\windows\System32\Wbem;C:\windows\System32\WindowsPowerShell\v1.0\;D:\SoftwareDev\JavaDev\apache-maven-3.3.9\bin;D:\SoftwareDev\JavaDev\JDK8\bin;D:\SoftwareDev\Mongodb-3.4.2\bin;C:\Program Files\Git\bin;D:\SoftwareDev\mysql-5.6.35-winx64\bin;D:\SoftwareDev\Node\nodejs\;D:\SoftwareDev\PythonDev\python3.6.3\;C:\Users\Administrator\AppData\Local\Microsoft\WindowsApps;C:\Users\Administrator\AppData\Roaming\npm;.
2017-10-20 15:49:28,735 [main] INFO  org.apache.zookeeper.ZooKeeper - Client environment:java.io.tmpdir=C:\Users\Administrator\AppData\Local\Temp\
2017-10-20 15:49:28,735 [main] INFO  org.apache.zookeeper.ZooKeeper - Client environment:java.compiler=<NA>
2017-10-20 15:49:28,735 [main] INFO  org.apache.zookeeper.ZooKeeper - Client environment:os.name=Windows 10
2017-10-20 15:49:28,735 [main] INFO  org.apache.zookeeper.ZooKeeper - Client environment:os.arch=amd64
2017-10-20 15:49:28,735 [main] INFO  org.apache.zookeeper.ZooKeeper - Client environment:os.version=10.0
2017-10-20 15:49:28,735 [main] INFO  org.apache.zookeeper.ZooKeeper - Client environment:user.name=Administrator
2017-10-20 15:49:28,735 [main] INFO  org.apache.zookeeper.ZooKeeper - Client environment:user.home=C:\Users\Administrator
2017-10-20 15:49:28,735 [main] INFO  org.apache.zookeeper.ZooKeeper - Client environment:user.dir=D:\IdeaWorkSpace\disconf-demo
2017-10-20 15:49:28,736 [main] INFO  org.apache.zookeeper.ZooKeeper - Initiating client connection, connectString=192.168.59.202:2181 sessionTimeout=10000 watcher=com.baidu.disconf.core.common.zookeeper.inner.ResilientActiveKeyValueStore@1b58ff9e
2017-10-20 15:49:28,752 [main-SendThread()] INFO  org.apache.zookeeper.ClientCnxn - Opening socket connection to server /192.168.59.202:2181
2017-10-20 15:49:28,754 [main-SendThread(disconf.com:2181)] INFO  org.apache.zookeeper.ClientCnxn - Socket connection established to disconf.com/192.168.59.202:2181, initiating session
2017-10-20 15:49:28,761 [main-SendThread(disconf.com:2181)] INFO  org.apache.zookeeper.ClientCnxn - Session establishment complete on server disconf.com/192.168.59.202:2181, sessionid = 0x15f33c316a30013, negotiated timeout = 10000
2017-10-20 15:49:28,763 [main-EventThread] INFO  com.baidu.disconf.core.common.zookeeper.inner.ConnectionWatcher - zk SyncConnected
2017-10-20 15:49:28,764 [main] INFO  com.baidu.disconf.core.common.zookeeper.inner.ConnectionWatcher - zookeeper: 192.168.59.202:2181 , connected.
2017-10-20 15:49:28,764 [main] INFO  com.baidu.disconf.core.common.zookeeper.ZookeeperMgr - zoo prefix: /disconf
2017-10-20 15:49:28,768 [main] DEBUG com.baidu.disconf.core.common.zookeeper.ZookeeperMgr - ZookeeperMgr init.
2017-10-20 15:49:28,770 [main] DEBUG com.baidu.disconf.client.core.processor.impl.DisconfFileCoreProcessorImpl - ==============	start to process disconf file: redis.properties	=============================
2017-10-20 15:49:28,771 [main] DEBUG com.baidu.disconf.core.common.restful.type.FetchConfFile - start to download. From: http://disconf.com/api/config/file?version=1_0_0_0&app=disconf_demo&env=rd&key=redis.properties&type=0 , TO: D:\IdeaWorkSpace\disconf-demo\.\disconf\download\redis.properties-d8dc13b816874a48bffc2790a142f4de
2017-10-20 15:49:28,795 [main] DEBUG com.baidu.disconf.core.common.restful.type.FetchConfFile - download success!  D:\IdeaWorkSpace\disconf-demo\.\disconf\download\redis.properties-d8dc13b816874a48bffc2790a142f4de
2017-10-20 15:49:28,800 [main] DEBUG com.baidu.disconf.core.common.utils.OsUtil - start to replace D:\IdeaWorkSpace\disconf-demo\.\disconf\download\redis.properties-d8dc13b816874a48bffc2790a142f4de to D:\IdeaWorkSpace\disconf-demo\target\classes\redis.properties
2017-10-20 15:49:28,806 [main] DEBUG com.baidu.disconf.core.common.restful.impl.RestfulMgrImpl - Move to: D:\IdeaWorkSpace\disconf-demo\target\classes\redis.properties
2017-10-20 15:49:28,806 [main] DEBUG com.baidu.disconf.client.core.processor.impl.DisconfFileCoreProcessorImpl - download ok.
2017-10-20 15:49:28,808 [main] DEBUG com.baidu.disconf.client.core.filetype.FileTypeProcessorUtils - redis.host	127.0.0.1
2017-10-20 15:49:28,808 [main] DEBUG com.baidu.disconf.client.core.filetype.FileTypeProcessorUtils - redis.port	6379
2017-10-20 15:49:28,809 [main] DEBUG com.baidu.disconf.client.core.processor.impl.DisconfFileCoreProcessorImpl - inject ok.
2017-10-20 15:49:28,827 [main] DEBUG com.baidu.disconf.client.watch.inner.NodeWatcher - monitor path: (/disconf/disconf_demo_1_0_0_0_rd/file/redis.properties,redis.properties,配置文件) has been added!
2017-10-20 15:49:28,827 [main] DEBUG com.baidu.disconf.client.core.processor.impl.DisconfFileCoreProcessorImpl - watch ok.
2017-10-20 15:49:28,827 [main] INFO  com.baidu.disconf.client.DisconfMgr - ******************************* DISCONF END FIRST SCAN *******************************
2017-10-20 15:49:29,715 [main] INFO  org.apache.catalina.core.StandardService - Starting service [Tomcat]
2017-10-20 15:49:29,716 [main] INFO  org.apache.catalina.core.StandardEngine - Starting Servlet Engine: Apache Tomcat/8.5.23
2017-10-20 15:49:29,805 [localhost-startStop-1] INFO  org.apache.catalina.core.ContainerBase.[Tomcat].[localhost].[/] - Initializing Spring embedded WebApplicationContext
2017-10-20 15:49:30,082 [main] DEBUG com.baidu.disconf.client.store.aspect.DisconfAspectJ - using disconf store value: redis.properties (redis.host , 127.0.0.1)
2017-10-20 15:49:30,082 [main] DEBUG com.baidu.disconf.client.store.aspect.DisconfAspectJ - using disconf store value: redis.properties (redis.port , 6379)
2017-10-20 15:49:30,104 [main] INFO  com.baidu.disconf.client.DisconfMgr - ******************************* DISCONF START SECOND SCAN *******************************
2017-10-20 15:49:30,105 [main] DEBUG com.baidu.disconf.client.core.processor.impl.DisconfFileCoreProcessorImpl - ==============	start to inject value to disconf file item instance: redis.properties	=============================
2017-10-20 15:49:30,106 [main] DEBUG com.baidu.disconf.client.store.processor.impl.DisconfStoreFileProcessorImpl - redis.host is a non-static field. 
2017-10-20 15:49:30,106 [main] DEBUG com.baidu.disconf.client.store.processor.impl.DisconfStoreFileProcessorImpl - redis.port is a non-static field. 
2017-10-20 15:49:30,106 [main] INFO  com.baidu.disconf.client.DisconfMgr - Conf File Map: 
disconf-file:	redis.properties	
	DisconfCenterFile [
	keyMaps={redis.host=FileItemValue{value=127.0.0.1, field=private java.lang.String cn.jaychang.disconf.config.RedisConfig.host, setMethod=public void cn.jaychang.disconf.config.RedisConfig.setHost(java.lang.String)}, redis.port=FileItemValue{value=6379, field=private int cn.jaychang.disconf.config.RedisConfig.port, setMethod=public void cn.jaychang.disconf.config.RedisConfig.setPort(int)}}
	cls=class cn.jaychang.disconf.config.RedisConfig
	fileName=redis.properties
	targetDirPath=
	DisconfCenterBaseModel [
	object=cn.jaychang.disconf.config.RedisConfig$$EnhancerBySpringCGLIB$$da9a9ffd@75fc1992
	remoteServerUrl=/api/config/file?version=1_0_0_0&app=disconf_demo&env=rd&key=redis.properties&type=0
	disConfCommonModel=DisConfCommonModel [app=disconf_demo, version=1_0_0_0, env=rd]
	disconfCommonCallbackModel=DisconfCommonCallbackModel{disconfConfUpdates=[], disconfUpdatesActiveBackups=[]}]]

2017-10-20 15:49:30,106 [main] INFO  com.baidu.disconf.client.DisconfMgr - Conf Item Map: 

2017-10-20 15:49:30,106 [main] INFO  com.baidu.disconf.client.DisconfMgr - ******************************* DISCONF END *******************************
2017-10-20 15:49:31,405 [main] INFO  org.apache.coyote.http11.Http11NioProtocol - Initializing ProtocolHandler ["http-nio-8001"]
2017-10-20 15:49:31,412 [main] INFO  org.apache.coyote.http11.Http11NioProtocol - Starting ProtocolHandler ["http-nio-8001"]
2017-10-20 15:49:31,413 [main] INFO  org.apache.tomcat.util.net.NioSelectorPool - Using a shared selector for servlet write/read
2017-10-20 15:49:31,435 [main] INFO  cn.jaychang.disconf.DisconfDemoApplication - Started DisconfDemoApplication in 4.396 seconds (JVM running for 4.73)
2017-10-20 15:49:31,435 [main] INFO  cn.jaychang.disconf.DisconfDemoApplication - Started DisconfDemoApplication in 4.396 seconds (JVM running for 4.73)
2017-10-20 15:51:48,237 [main-EventThread] INFO  com.baidu.disconf.client.watch.inner.NodeWatcher - ============GOT UPDATE EVENT WatchedEvent state:SyncConnected type:NodeDataChanged path:/disconf/disconf_demo_1_0_0_0_rd/file/redis.properties: (/disconf/disconf_demo_1_0_0_0_rd/file/redis.properties,redis.properties,配置文件)======================
2017-10-20 15:51:48,238 [main-EventThread] DEBUG com.baidu.disconf.core.common.restful.type.FetchConfFile - start to download. From: http://disconf.com/api/config/file?version=1_0_0_0&app=disconf_demo&env=rd&key=redis.properties&type=0 , TO: D:\IdeaWorkSpace\disconf-demo\.\disconf\download\redis.properties-82ac59acd27e4c589d8bf0a6e7717f70
2017-10-20 15:51:48,256 [main-EventThread] DEBUG com.baidu.disconf.core.common.restful.type.FetchConfFile - download success!  D:\IdeaWorkSpace\disconf-demo\.\disconf\download\redis.properties-82ac59acd27e4c589d8bf0a6e7717f70
2017-10-20 15:51:48,257 [main-EventThread] DEBUG com.baidu.disconf.core.common.utils.OsUtil - start to replace D:\IdeaWorkSpace\disconf-demo\.\disconf\download\redis.properties-82ac59acd27e4c589d8bf0a6e7717f70 to D:\IdeaWorkSpace\disconf-demo\.\disconf\download\redis.properties
2017-10-20 15:51:48,265 [main-EventThread] DEBUG com.baidu.disconf.core.common.utils.OsUtil - start to replace D:\IdeaWorkSpace\disconf-demo\.\disconf\download\redis.properties-82ac59acd27e4c589d8bf0a6e7717f70 to D:\IdeaWorkSpace\disconf-demo\target\classes\redis.properties
2017-10-20 15:51:48,276 [main-EventThread] DEBUG com.baidu.disconf.core.common.restful.impl.RestfulMgrImpl - Move to: D:\IdeaWorkSpace\disconf-demo\target\classes\redis.properties
2017-10-20 15:51:48,276 [main-EventThread] DEBUG com.baidu.disconf.client.core.processor.impl.DisconfFileCoreProcessorImpl - download ok.
2017-10-20 15:51:48,277 [main-EventThread] DEBUG com.baidu.disconf.client.core.filetype.FileTypeProcessorUtils - redis.host	192.168.59.202
2017-10-20 15:51:48,277 [main-EventThread] DEBUG com.baidu.disconf.client.core.filetype.FileTypeProcessorUtils - redis.port	6379
2017-10-20 15:51:48,278 [main-EventThread] DEBUG com.baidu.disconf.client.core.processor.impl.DisconfFileCoreProcessorImpl - inject ok.
2017-10-20 15:51:48,290 [main-EventThread] DEBUG com.baidu.disconf.client.watch.inner.NodeWatcher - monitor path: (/disconf/disconf_demo_1_0_0_0_rd/file/redis.properties,redis.properties,配置文件) has been added!
2017-10-20 15:51:48,290 [main-EventThread] DEBUG com.baidu.disconf.client.core.processor.impl.DisconfFileCoreProcessorImpl - watch ok.
2017-10-20 15:51:48,290 [main-EventThread] DEBUG com.baidu.disconf.client.store.processor.impl.DisconfStoreFileProcessorImpl - redis.host is a non-static field. 
2017-10-20 15:51:48,290 [main-EventThread] DEBUG com.baidu.disconf.client.store.processor.impl.DisconfStoreFileProcessorImpl - redis.port is a non-static field. 
